<?xml version="1.0" encoding="UTF-8"?>
<!-- Generated by org.testng.reporters.JUnitXMLReporter -->
<testsuite ignored="0" hostname="DESKTOP-SGH6TCU" failures="0" tests="1" name="BankingApp Test" time="0.191" errors="0" timestamp="14 Jun 2019 07:47:02 GMT">
  <testcase classname="com.inetBanking.testCases.BaseClass" name="@BeforeClass setUp" time="0.158">
    <failure type="java.lang.NullPointerException">
      <![CDATA[java.lang.NullPointerException
at com.inetBanking.testCases.BaseClass.setUp(BaseClass.java:32)
... Removed 26 stack frames]]>
    </failure>
  </testcase> <!-- @BeforeClass setUp -->
  <testcase classname="com.inetBanking.testCases.BaseClass" name="@AfterClass tearDown" time="0.0">
    <skipped/>
  </testcase> <!-- @AfterClass tearDown -->
  <testcase classname="com.inetBanking.testCases.TC_LoginTest_001" name="loginTest" time="0.0">
    <skipped/>
  </testcase> <!-- loginTest -->
</testsuite> <!-- BankingApp Test -->
